2020-02-17 10:37:52,490 INFO 35243 [Timer] /Users/baiwang/Desktop/shoot/schoolbi_api/node_modules/egg-multipart/app/schedule/clean_tmpdir.js next time will execute after 64327514ms at 2020-02-18 04:30:00.004
2020-02-17 10:37:52,490 INFO 35243 [Timer] /Users/baiwang/Desktop/shoot/schoolbi_api/node_modules/egg-logrotator/app/schedule/clean_log.js next time will execute after 48127510ms at 2020-02-18 00:00:00.000
2020-02-17 10:37:52,491 INFO 35243 [Timer] /Users/baiwang/Desktop/shoot/schoolbi_api/node_modules/egg-logrotator/app/schedule/rotate_by_file.js next time will execute after 48128510ms at 2020-02-18 00:00:01.001
2020-02-17 10:37:52,098 INFO 35256 [egg-schedule]: register schedule /Users/baiwang/Desktop/shoot/schoolbi_api/node_modules/egg-multipart/app/schedule/clean_tmpdir.js
2020-02-17 10:37:52,098 INFO 35256 [egg-schedule]: register schedule /Users/baiwang/Desktop/shoot/schoolbi_api/node_modules/egg-logrotator/app/schedule/clean_log.js
2020-02-17 10:37:52,098 INFO 35256 [egg-schedule]: register schedule /Users/baiwang/Desktop/shoot/schoolbi_api/node_modules/egg-logrotator/app/schedule/rotate_by_file.js
2020-02-17 10:42:46,866 INFO 36710 [egg-schedule]: register schedule /Users/baiwang/Desktop/shoot/schoolbi_api/node_modules/egg-multipart/app/schedule/clean_tmpdir.js
2020-02-17 10:42:46,866 INFO 36710 [egg-schedule]: register schedule /Users/baiwang/Desktop/shoot/schoolbi_api/node_modules/egg-logrotator/app/schedule/clean_log.js
2020-02-17 10:42:46,866 INFO 36710 [egg-schedule]: register schedule /Users/baiwang/Desktop/shoot/schoolbi_api/node_modules/egg-logrotator/app/schedule/rotate_by_file.js
2020-02-17 10:43:14,142 INFO 36863 [egg-schedule]: register schedule /Users/baiwang/Desktop/shoot/schoolbi_api/node_modules/egg-multipart/app/schedule/clean_tmpdir.js
2020-02-17 10:43:14,142 INFO 36863 [egg-schedule]: register schedule /Users/baiwang/Desktop/shoot/schoolbi_api/node_modules/egg-logrotator/app/schedule/clean_log.js
2020-02-17 10:43:14,142 INFO 36863 [egg-schedule]: register schedule /Users/baiwang/Desktop/shoot/schoolbi_api/node_modules/egg-logrotator/app/schedule/rotate_by_file.js
2020-02-17 10:43:29,722 INFO 36966 [egg-schedule]: register schedule /Users/baiwang/Desktop/shoot/schoolbi_api/node_modules/egg-multipart/app/schedule/clean_tmpdir.js
2020-02-17 10:43:29,722 INFO 36966 [egg-schedule]: register schedule /Users/baiwang/Desktop/shoot/schoolbi_api/node_modules/egg-logrotator/app/schedule/clean_log.js
2020-02-17 10:43:29,723 INFO 36966 [egg-schedule]: register schedule /Users/baiwang/Desktop/shoot/schoolbi_api/node_modules/egg-logrotator/app/schedule/rotate_by_file.js
2020-02-17 10:43:39,662 INFO 37029 [egg-schedule]: register schedule /Users/baiwang/Desktop/shoot/schoolbi_api/node_modules/egg-multipart/app/schedule/clean_tmpdir.js
2020-02-17 10:43:39,662 INFO 37029 [egg-schedule]: register schedule /Users/baiwang/Desktop/shoot/schoolbi_api/node_modules/egg-logrotator/app/schedule/clean_log.js
2020-02-17 10:43:39,662 INFO 37029 [egg-schedule]: register schedule /Users/baiwang/Desktop/shoot/schoolbi_api/node_modules/egg-logrotator/app/schedule/rotate_by_file.js
2020-02-17 10:43:57,162 INFO 37138 [egg-schedule]: register schedule /Users/baiwang/Desktop/shoot/schoolbi_api/node_modules/egg-multipart/app/schedule/clean_tmpdir.js
2020-02-17 10:43:57,162 INFO 37138 [egg-schedule]: register schedule /Users/baiwang/Desktop/shoot/schoolbi_api/node_modules/egg-logrotator/app/schedule/clean_log.js
2020-02-17 10:43:57,162 INFO 37138 [egg-schedule]: register schedule /Users/baiwang/Desktop/shoot/schoolbi_api/node_modules/egg-logrotator/app/schedule/rotate_by_file.js
2020-02-17 14:17:46,529 INFO 97867 [egg-schedule]: register schedule /Users/baiwang/Desktop/shoot/schoolbi_api/node_modules/egg-multipart/app/schedule/clean_tmpdir.js
2020-02-17 14:17:46,529 INFO 97867 [egg-schedule]: register schedule /Users/baiwang/Desktop/shoot/schoolbi_api/node_modules/egg-logrotator/app/schedule/clean_log.js
2020-02-17 14:17:46,529 INFO 97867 [egg-schedule]: register schedule /Users/baiwang/Desktop/shoot/schoolbi_api/node_modules/egg-logrotator/app/schedule/rotate_by_file.js
2020-02-17 14:18:13,420 INFO 98022 [egg-schedule]: register schedule /Users/baiwang/Desktop/shoot/schoolbi_api/node_modules/egg-multipart/app/schedule/clean_tmpdir.js
2020-02-17 14:18:13,420 INFO 98022 [egg-schedule]: register schedule /Users/baiwang/Desktop/shoot/schoolbi_api/node_modules/egg-logrotator/app/schedule/clean_log.js
2020-02-17 14:18:13,420 INFO 98022 [egg-schedule]: register schedule /Users/baiwang/Desktop/shoot/schoolbi_api/node_modules/egg-logrotator/app/schedule/rotate_by_file.js
2020-02-17 14:19:09,274 INFO 98306 [egg-schedule]: register schedule /Users/baiwang/Desktop/shoot/schoolbi_api/node_modules/egg-multipart/app/schedule/clean_tmpdir.js
2020-02-17 14:19:09,274 INFO 98306 [egg-schedule]: register schedule /Users/baiwang/Desktop/shoot/schoolbi_api/node_modules/egg-logrotator/app/schedule/clean_log.js
2020-02-17 14:19:09,274 INFO 98306 [egg-schedule]: register schedule /Users/baiwang/Desktop/shoot/schoolbi_api/node_modules/egg-logrotator/app/schedule/rotate_by_file.js
2020-02-17 14:19:35,193 INFO 98444 [egg-schedule]: register schedule /Users/baiwang/Desktop/shoot/schoolbi_api/node_modules/egg-multipart/app/schedule/clean_tmpdir.js
2020-02-17 14:19:35,193 INFO 98444 [egg-schedule]: register schedule /Users/baiwang/Desktop/shoot/schoolbi_api/node_modules/egg-logrotator/app/schedule/clean_log.js
2020-02-17 14:19:35,193 INFO 98444 [egg-schedule]: register schedule /Users/baiwang/Desktop/shoot/schoolbi_api/node_modules/egg-logrotator/app/schedule/rotate_by_file.js
2020-02-17 14:23:26,963 INFO 99691 [Timer] /Users/baiwang/Desktop/shoot/schoolbi_api/node_modules/egg-multipart/app/schedule/clean_tmpdir.js next time will execute after 50793041ms at 2020-02-18 04:30:00.004
2020-02-17 14:23:26,964 INFO 99691 [Timer] /Users/baiwang/Desktop/shoot/schoolbi_api/node_modules/egg-logrotator/app/schedule/clean_log.js next time will execute after 34593037ms at 2020-02-18 00:00:00.001
2020-02-17 14:23:26,964 INFO 99691 [Timer] /Users/baiwang/Desktop/shoot/schoolbi_api/node_modules/egg-logrotator/app/schedule/rotate_by_file.js next time will execute after 34594036ms at 2020-02-18 00:00:01.000
2020-02-17 14:23:26,562 INFO 99708 [egg-schedule]: register schedule /Users/baiwang/Desktop/shoot/schoolbi_api/node_modules/egg-multipart/app/schedule/clean_tmpdir.js
2020-02-17 14:23:26,562 INFO 99708 [egg-schedule]: register schedule /Users/baiwang/Desktop/shoot/schoolbi_api/node_modules/egg-logrotator/app/schedule/clean_log.js
2020-02-17 14:23:26,562 INFO 99708 [egg-schedule]: register schedule /Users/baiwang/Desktop/shoot/schoolbi_api/node_modules/egg-logrotator/app/schedule/rotate_by_file.js
2020-02-17 14:23:51,416 INFO 99833 [egg-schedule]: register schedule /Users/baiwang/Desktop/shoot/schoolbi_api/node_modules/egg-multipart/app/schedule/clean_tmpdir.js
2020-02-17 14:23:51,416 INFO 99833 [egg-schedule]: register schedule /Users/baiwang/Desktop/shoot/schoolbi_api/node_modules/egg-logrotator/app/schedule/clean_log.js
2020-02-17 14:23:51,416 INFO 99833 [egg-schedule]: register schedule /Users/baiwang/Desktop/shoot/schoolbi_api/node_modules/egg-logrotator/app/schedule/rotate_by_file.js
2020-02-17 14:41:41,734 INFO 5216 [egg-schedule]: register schedule /Users/baiwang/Desktop/shoot/schoolbi_api/node_modules/egg-multipart/app/schedule/clean_tmpdir.js
2020-02-17 14:41:41,734 INFO 5216 [egg-schedule]: register schedule /Users/baiwang/Desktop/shoot/schoolbi_api/node_modules/egg-logrotator/app/schedule/clean_log.js
2020-02-17 14:41:41,734 INFO 5216 [egg-schedule]: register schedule /Users/baiwang/Desktop/shoot/schoolbi_api/node_modules/egg-logrotator/app/schedule/rotate_by_file.js
2020-02-17 14:43:49,407 INFO 5814 [egg-schedule]: register schedule /Users/baiwang/Desktop/shoot/schoolbi_api/node_modules/egg-multipart/app/schedule/clean_tmpdir.js
2020-02-17 14:43:49,407 INFO 5814 [egg-schedule]: register schedule /Users/baiwang/Desktop/shoot/schoolbi_api/node_modules/egg-logrotator/app/schedule/clean_log.js
2020-02-17 14:43:49,408 INFO 5814 [egg-schedule]: register schedule /Users/baiwang/Desktop/shoot/schoolbi_api/node_modules/egg-logrotator/app/schedule/rotate_by_file.js
2020-02-17 14:43:55,667 INFO 5853 [egg-schedule]: register schedule /Users/baiwang/Desktop/shoot/schoolbi_api/node_modules/egg-multipart/app/schedule/clean_tmpdir.js
2020-02-17 14:43:55,667 INFO 5853 [egg-schedule]: register schedule /Users/baiwang/Desktop/shoot/schoolbi_api/node_modules/egg-logrotator/app/schedule/clean_log.js
2020-02-17 14:43:55,667 INFO 5853 [egg-schedule]: register schedule /Users/baiwang/Desktop/shoot/schoolbi_api/node_modules/egg-logrotator/app/schedule/rotate_by_file.js
2020-02-17 14:44:00,284 INFO 5881 [egg-schedule]: register schedule /Users/baiwang/Desktop/shoot/schoolbi_api/node_modules/egg-multipart/app/schedule/clean_tmpdir.js
2020-02-17 14:44:00,284 INFO 5881 [egg-schedule]: register schedule /Users/baiwang/Desktop/shoot/schoolbi_api/node_modules/egg-logrotator/app/schedule/clean_log.js
2020-02-17 14:44:00,284 INFO 5881 [egg-schedule]: register schedule /Users/baiwang/Desktop/shoot/schoolbi_api/node_modules/egg-logrotator/app/schedule/rotate_by_file.js
2020-02-17 14:44:05,183 INFO 5915 [egg-schedule]: register schedule /Users/baiwang/Desktop/shoot/schoolbi_api/node_modules/egg-multipart/app/schedule/clean_tmpdir.js
2020-02-17 14:44:05,183 INFO 5915 [egg-schedule]: register schedule /Users/baiwang/Desktop/shoot/schoolbi_api/node_modules/egg-logrotator/app/schedule/clean_log.js
2020-02-17 14:44:05,183 INFO 5915 [egg-schedule]: register schedule /Users/baiwang/Desktop/shoot/schoolbi_api/node_modules/egg-logrotator/app/schedule/rotate_by_file.js
2020-02-17 14:45:08,677 INFO 6207 [egg-schedule]: register schedule /Users/baiwang/Desktop/shoot/schoolbi_api/node_modules/egg-multipart/app/schedule/clean_tmpdir.js
2020-02-17 14:45:08,677 INFO 6207 [egg-schedule]: register schedule /Users/baiwang/Desktop/shoot/schoolbi_api/node_modules/egg-logrotator/app/schedule/clean_log.js
2020-02-17 14:45:08,677 INFO 6207 [egg-schedule]: register schedule /Users/baiwang/Desktop/shoot/schoolbi_api/node_modules/egg-logrotator/app/schedule/rotate_by_file.js
2020-02-17 14:46:33,378 INFO 6605 [egg-schedule]: register schedule /Users/baiwang/Desktop/shoot/schoolbi_api/node_modules/egg-multipart/app/schedule/clean_tmpdir.js
2020-02-17 14:46:33,378 INFO 6605 [egg-schedule]: register schedule /Users/baiwang/Desktop/shoot/schoolbi_api/node_modules/egg-logrotator/app/schedule/clean_log.js
2020-02-17 14:46:33,378 INFO 6605 [egg-schedule]: register schedule /Users/baiwang/Desktop/shoot/schoolbi_api/node_modules/egg-logrotator/app/schedule/rotate_by_file.js
2020-02-17 14:46:47,240 INFO 6676 [egg-schedule]: register schedule /Users/baiwang/Desktop/shoot/schoolbi_api/node_modules/egg-multipart/app/schedule/clean_tmpdir.js
2020-02-17 14:46:47,240 INFO 6676 [egg-schedule]: register schedule /Users/baiwang/Desktop/shoot/schoolbi_api/node_modules/egg-logrotator/app/schedule/clean_log.js
2020-02-17 14:46:47,240 INFO 6676 [egg-schedule]: register schedule /Users/baiwang/Desktop/shoot/schoolbi_api/node_modules/egg-logrotator/app/schedule/rotate_by_file.js
2020-02-17 14:47:38,372 INFO 6919 [egg-schedule]: register schedule /Users/baiwang/Desktop/shoot/schoolbi_api/node_modules/egg-multipart/app/schedule/clean_tmpdir.js
2020-02-17 14:47:38,372 INFO 6919 [egg-schedule]: register schedule /Users/baiwang/Desktop/shoot/schoolbi_api/node_modules/egg-logrotator/app/schedule/clean_log.js
2020-02-17 14:47:38,372 INFO 6919 [egg-schedule]: register schedule /Users/baiwang/Desktop/shoot/schoolbi_api/node_modules/egg-logrotator/app/schedule/rotate_by_file.js
2020-02-17 14:48:39,031 INFO 7225 [egg-schedule]: register schedule /Users/baiwang/Desktop/shoot/schoolbi_api/node_modules/egg-multipart/app/schedule/clean_tmpdir.js
2020-02-17 14:48:39,031 INFO 7225 [egg-schedule]: register schedule /Users/baiwang/Desktop/shoot/schoolbi_api/node_modules/egg-logrotator/app/schedule/clean_log.js
2020-02-17 14:48:39,031 INFO 7225 [egg-schedule]: register schedule /Users/baiwang/Desktop/shoot/schoolbi_api/node_modules/egg-logrotator/app/schedule/rotate_by_file.js
2020-02-17 14:50:14,729 INFO 7674 [egg-schedule]: register schedule /Users/baiwang/Desktop/shoot/schoolbi_api/node_modules/egg-multipart/app/schedule/clean_tmpdir.js
2020-02-17 14:50:14,729 INFO 7674 [egg-schedule]: register schedule /Users/baiwang/Desktop/shoot/schoolbi_api/node_modules/egg-logrotator/app/schedule/clean_log.js
2020-02-17 14:50:14,729 INFO 7674 [egg-schedule]: register schedule /Users/baiwang/Desktop/shoot/schoolbi_api/node_modules/egg-logrotator/app/schedule/rotate_by_file.js
2020-02-17 14:50:16,462 INFO 7693 [egg-schedule]: register schedule /Users/baiwang/Desktop/shoot/schoolbi_api/node_modules/egg-multipart/app/schedule/clean_tmpdir.js
2020-02-17 14:50:16,462 INFO 7693 [egg-schedule]: register schedule /Users/baiwang/Desktop/shoot/schoolbi_api/node_modules/egg-logrotator/app/schedule/clean_log.js
2020-02-17 14:50:16,462 INFO 7693 [egg-schedule]: register schedule /Users/baiwang/Desktop/shoot/schoolbi_api/node_modules/egg-logrotator/app/schedule/rotate_by_file.js
2020-02-17 14:50:29,702 INFO 7759 [egg-schedule]: register schedule /Users/baiwang/Desktop/shoot/schoolbi_api/node_modules/egg-multipart/app/schedule/clean_tmpdir.js
2020-02-17 14:50:29,702 INFO 7759 [egg-schedule]: register schedule /Users/baiwang/Desktop/shoot/schoolbi_api/node_modules/egg-logrotator/app/schedule/clean_log.js
2020-02-17 14:50:29,702 INFO 7759 [egg-schedule]: register schedule /Users/baiwang/Desktop/shoot/schoolbi_api/node_modules/egg-logrotator/app/schedule/rotate_by_file.js
2020-02-17 14:50:35,838 INFO 7803 [egg-schedule]: register schedule /Users/baiwang/Desktop/shoot/schoolbi_api/node_modules/egg-multipart/app/schedule/clean_tmpdir.js
2020-02-17 14:50:35,838 INFO 7803 [egg-schedule]: register schedule /Users/baiwang/Desktop/shoot/schoolbi_api/node_modules/egg-logrotator/app/schedule/clean_log.js
2020-02-17 14:50:35,838 INFO 7803 [egg-schedule]: register schedule /Users/baiwang/Desktop/shoot/schoolbi_api/node_modules/egg-logrotator/app/schedule/rotate_by_file.js
2020-02-17 14:50:42,540 INFO 7843 [egg-schedule]: register schedule /Users/baiwang/Desktop/shoot/schoolbi_api/node_modules/egg-multipart/app/schedule/clean_tmpdir.js
2020-02-17 14:50:42,540 INFO 7843 [egg-schedule]: register schedule /Users/baiwang/Desktop/shoot/schoolbi_api/node_modules/egg-logrotator/app/schedule/clean_log.js
2020-02-17 14:50:42,540 INFO 7843 [egg-schedule]: register schedule /Users/baiwang/Desktop/shoot/schoolbi_api/node_modules/egg-logrotator/app/schedule/rotate_by_file.js
2020-02-17 14:50:47,239 INFO 7869 [egg-schedule]: register schedule /Users/baiwang/Desktop/shoot/schoolbi_api/node_modules/egg-multipart/app/schedule/clean_tmpdir.js
2020-02-17 14:50:47,239 INFO 7869 [egg-schedule]: register schedule /Users/baiwang/Desktop/shoot/schoolbi_api/node_modules/egg-logrotator/app/schedule/clean_log.js
2020-02-17 14:50:47,239 INFO 7869 [egg-schedule]: register schedule /Users/baiwang/Desktop/shoot/schoolbi_api/node_modules/egg-logrotator/app/schedule/rotate_by_file.js
2020-02-17 14:51:10,806 INFO 7984 [egg-schedule]: register schedule /Users/baiwang/Desktop/shoot/schoolbi_api/node_modules/egg-multipart/app/schedule/clean_tmpdir.js
2020-02-17 14:51:10,807 INFO 7984 [egg-schedule]: register schedule /Users/baiwang/Desktop/shoot/schoolbi_api/node_modules/egg-logrotator/app/schedule/clean_log.js
2020-02-17 14:51:10,807 INFO 7984 [egg-schedule]: register schedule /Users/baiwang/Desktop/shoot/schoolbi_api/node_modules/egg-logrotator/app/schedule/rotate_by_file.js
2020-02-17 14:56:47,063 INFO 9522 [egg-schedule]: register schedule /Users/baiwang/Desktop/shoot/schoolbi_api/node_modules/egg-multipart/app/schedule/clean_tmpdir.js
2020-02-17 14:56:47,063 INFO 9522 [egg-schedule]: register schedule /Users/baiwang/Desktop/shoot/schoolbi_api/node_modules/egg-logrotator/app/schedule/clean_log.js
2020-02-17 14:56:47,063 INFO 9522 [egg-schedule]: register schedule /Users/baiwang/Desktop/shoot/schoolbi_api/node_modules/egg-logrotator/app/schedule/rotate_by_file.js
2020-02-17 15:06:34,822 INFO 12222 [egg-schedule]: register schedule /Users/baiwang/Desktop/shoot/schoolbi_api/node_modules/egg-multipart/app/schedule/clean_tmpdir.js
2020-02-17 15:06:34,823 INFO 12222 [egg-schedule]: register schedule /Users/baiwang/Desktop/shoot/schoolbi_api/node_modules/egg-logrotator/app/schedule/clean_log.js
2020-02-17 15:06:34,823 INFO 12222 [egg-schedule]: register schedule /Users/baiwang/Desktop/shoot/schoolbi_api/node_modules/egg-logrotator/app/schedule/rotate_by_file.js
2020-02-17 15:06:53,787 INFO 12325 [egg-schedule]: register schedule /Users/baiwang/Desktop/shoot/schoolbi_api/node_modules/egg-multipart/app/schedule/clean_tmpdir.js
2020-02-17 15:06:53,787 INFO 12325 [egg-schedule]: register schedule /Users/baiwang/Desktop/shoot/schoolbi_api/node_modules/egg-logrotator/app/schedule/clean_log.js
2020-02-17 15:06:53,787 INFO 12325 [egg-schedule]: register schedule /Users/baiwang/Desktop/shoot/schoolbi_api/node_modules/egg-logrotator/app/schedule/rotate_by_file.js
2020-02-17 15:54:34,722 INFO 25448 [egg-schedule]: register schedule /Users/baiwang/Desktop/shoot/schoolbi_api/node_modules/egg-multipart/app/schedule/clean_tmpdir.js
2020-02-17 15:54:34,722 INFO 25448 [egg-schedule]: register schedule /Users/baiwang/Desktop/shoot/schoolbi_api/node_modules/egg-logrotator/app/schedule/clean_log.js
2020-02-17 15:54:34,722 INFO 25448 [egg-schedule]: register schedule /Users/baiwang/Desktop/shoot/schoolbi_api/node_modules/egg-logrotator/app/schedule/rotate_by_file.js
2020-02-17 15:54:49,494 INFO 25531 [egg-schedule]: register schedule /Users/baiwang/Desktop/shoot/schoolbi_api/node_modules/egg-multipart/app/schedule/clean_tmpdir.js
2020-02-17 15:54:49,494 INFO 25531 [egg-schedule]: register schedule /Users/baiwang/Desktop/shoot/schoolbi_api/node_modules/egg-logrotator/app/schedule/clean_log.js
2020-02-17 15:54:49,494 INFO 25531 [egg-schedule]: register schedule /Users/baiwang/Desktop/shoot/schoolbi_api/node_modules/egg-logrotator/app/schedule/rotate_by_file.js
2020-02-17 15:55:27,565 INFO 25718 [egg-schedule]: register schedule /Users/baiwang/Desktop/shoot/schoolbi_api/node_modules/egg-multipart/app/schedule/clean_tmpdir.js
2020-02-17 15:55:27,565 INFO 25718 [egg-schedule]: register schedule /Users/baiwang/Desktop/shoot/schoolbi_api/node_modules/egg-logrotator/app/schedule/clean_log.js
2020-02-17 15:55:27,565 INFO 25718 [egg-schedule]: register schedule /Users/baiwang/Desktop/shoot/schoolbi_api/node_modules/egg-logrotator/app/schedule/rotate_by_file.js
2020-02-17 15:55:33,615 INFO 25756 [egg-schedule]: register schedule /Users/baiwang/Desktop/shoot/schoolbi_api/node_modules/egg-multipart/app/schedule/clean_tmpdir.js
2020-02-17 15:55:33,615 INFO 25756 [egg-schedule]: register schedule /Users/baiwang/Desktop/shoot/schoolbi_api/node_modules/egg-logrotator/app/schedule/clean_log.js
2020-02-17 15:55:33,615 INFO 25756 [egg-schedule]: register schedule /Users/baiwang/Desktop/shoot/schoolbi_api/node_modules/egg-logrotator/app/schedule/rotate_by_file.js
2020-02-17 15:56:08,336 INFO 25927 [egg-schedule]: register schedule /Users/baiwang/Desktop/shoot/schoolbi_api/node_modules/egg-multipart/app/schedule/clean_tmpdir.js
2020-02-17 15:56:08,336 INFO 25927 [egg-schedule]: register schedule /Users/baiwang/Desktop/shoot/schoolbi_api/node_modules/egg-logrotator/app/schedule/clean_log.js
2020-02-17 15:56:08,336 INFO 25927 [egg-schedule]: register schedule /Users/baiwang/Desktop/shoot/schoolbi_api/node_modules/egg-logrotator/app/schedule/rotate_by_file.js
2020-02-17 15:57:04,920 INFO 26199 [egg-schedule]: register schedule /Users/baiwang/Desktop/shoot/schoolbi_api/node_modules/egg-multipart/app/schedule/clean_tmpdir.js
2020-02-17 15:57:04,920 INFO 26199 [egg-schedule]: register schedule /Users/baiwang/Desktop/shoot/schoolbi_api/node_modules/egg-logrotator/app/schedule/clean_log.js
2020-02-17 15:57:04,920 INFO 26199 [egg-schedule]: register schedule /Users/baiwang/Desktop/shoot/schoolbi_api/node_modules/egg-logrotator/app/schedule/rotate_by_file.js
2020-02-17 15:57:08,259 INFO 26216 [egg-schedule]: register schedule /Users/baiwang/Desktop/shoot/schoolbi_api/node_modules/egg-multipart/app/schedule/clean_tmpdir.js
2020-02-17 15:57:08,259 INFO 26216 [egg-schedule]: register schedule /Users/baiwang/Desktop/shoot/schoolbi_api/node_modules/egg-logrotator/app/schedule/clean_log.js
2020-02-17 15:57:08,259 INFO 26216 [egg-schedule]: register schedule /Users/baiwang/Desktop/shoot/schoolbi_api/node_modules/egg-logrotator/app/schedule/rotate_by_file.js
2020-02-17 15:57:11,244 INFO 26241 [egg-schedule]: register schedule /Users/baiwang/Desktop/shoot/schoolbi_api/node_modules/egg-multipart/app/schedule/clean_tmpdir.js
2020-02-17 15:57:11,244 INFO 26241 [egg-schedule]: register schedule /Users/baiwang/Desktop/shoot/schoolbi_api/node_modules/egg-logrotator/app/schedule/clean_log.js
2020-02-17 15:57:11,244 INFO 26241 [egg-schedule]: register schedule /Users/baiwang/Desktop/shoot/schoolbi_api/node_modules/egg-logrotator/app/schedule/rotate_by_file.js
2020-02-17 15:58:18,037 INFO 26547 [egg-schedule]: register schedule /Users/baiwang/Desktop/shoot/schoolbi_api/node_modules/egg-multipart/app/schedule/clean_tmpdir.js
2020-02-17 15:58:18,037 INFO 26547 [egg-schedule]: register schedule /Users/baiwang/Desktop/shoot/schoolbi_api/node_modules/egg-logrotator/app/schedule/clean_log.js
2020-02-17 15:58:18,037 INFO 26547 [egg-schedule]: register schedule /Users/baiwang/Desktop/shoot/schoolbi_api/node_modules/egg-logrotator/app/schedule/rotate_by_file.js
2020-02-17 15:58:31,310 INFO 26628 [egg-schedule]: register schedule /Users/baiwang/Desktop/shoot/schoolbi_api/node_modules/egg-multipart/app/schedule/clean_tmpdir.js
2020-02-17 15:58:31,310 INFO 26628 [egg-schedule]: register schedule /Users/baiwang/Desktop/shoot/schoolbi_api/node_modules/egg-logrotator/app/schedule/clean_log.js
2020-02-17 15:58:31,310 INFO 26628 [egg-schedule]: register schedule /Users/baiwang/Desktop/shoot/schoolbi_api/node_modules/egg-logrotator/app/schedule/rotate_by_file.js
2020-02-17 15:58:36,823 INFO 26662 [egg-schedule]: register schedule /Users/baiwang/Desktop/shoot/schoolbi_api/node_modules/egg-multipart/app/schedule/clean_tmpdir.js
2020-02-17 15:58:36,823 INFO 26662 [egg-schedule]: register schedule /Users/baiwang/Desktop/shoot/schoolbi_api/node_modules/egg-logrotator/app/schedule/clean_log.js
2020-02-17 15:58:36,823 INFO 26662 [egg-schedule]: register schedule /Users/baiwang/Desktop/shoot/schoolbi_api/node_modules/egg-logrotator/app/schedule/rotate_by_file.js
2020-02-17 15:58:39,089 INFO 26684 [egg-schedule]: register schedule /Users/baiwang/Desktop/shoot/schoolbi_api/node_modules/egg-multipart/app/schedule/clean_tmpdir.js
2020-02-17 15:58:39,089 INFO 26684 [egg-schedule]: register schedule /Users/baiwang/Desktop/shoot/schoolbi_api/node_modules/egg-logrotator/app/schedule/clean_log.js
2020-02-17 15:58:39,089 INFO 26684 [egg-schedule]: register schedule /Users/baiwang/Desktop/shoot/schoolbi_api/node_modules/egg-logrotator/app/schedule/rotate_by_file.js
2020-02-17 15:59:11,269 INFO 26838 [egg-schedule]: register schedule /Users/baiwang/Desktop/shoot/schoolbi_api/node_modules/egg-multipart/app/schedule/clean_tmpdir.js
2020-02-17 15:59:11,269 INFO 26838 [egg-schedule]: register schedule /Users/baiwang/Desktop/shoot/schoolbi_api/node_modules/egg-logrotator/app/schedule/clean_log.js
2020-02-17 15:59:11,269 INFO 26838 [egg-schedule]: register schedule /Users/baiwang/Desktop/shoot/schoolbi_api/node_modules/egg-logrotator/app/schedule/rotate_by_file.js
2020-02-17 15:59:56,038 INFO 27058 [egg-schedule]: register schedule /Users/baiwang/Desktop/shoot/schoolbi_api/node_modules/egg-multipart/app/schedule/clean_tmpdir.js
2020-02-17 15:59:56,038 INFO 27058 [egg-schedule]: register schedule /Users/baiwang/Desktop/shoot/schoolbi_api/node_modules/egg-logrotator/app/schedule/clean_log.js
2020-02-17 15:59:56,038 INFO 27058 [egg-schedule]: register schedule /Users/baiwang/Desktop/shoot/schoolbi_api/node_modules/egg-logrotator/app/schedule/rotate_by_file.js
2020-02-17 15:59:59,197 INFO 27080 [egg-schedule]: register schedule /Users/baiwang/Desktop/shoot/schoolbi_api/node_modules/egg-multipart/app/schedule/clean_tmpdir.js
2020-02-17 15:59:59,197 INFO 27080 [egg-schedule]: register schedule /Users/baiwang/Desktop/shoot/schoolbi_api/node_modules/egg-logrotator/app/schedule/clean_log.js
2020-02-17 15:59:59,197 INFO 27080 [egg-schedule]: register schedule /Users/baiwang/Desktop/shoot/schoolbi_api/node_modules/egg-logrotator/app/schedule/rotate_by_file.js
2020-02-17 16:01:11,693 INFO 27415 [egg-schedule]: register schedule /Users/baiwang/Desktop/shoot/schoolbi_api/node_modules/egg-multipart/app/schedule/clean_tmpdir.js
2020-02-17 16:01:11,693 INFO 27415 [egg-schedule]: register schedule /Users/baiwang/Desktop/shoot/schoolbi_api/node_modules/egg-logrotator/app/schedule/clean_log.js
2020-02-17 16:01:11,693 INFO 27415 [egg-schedule]: register schedule /Users/baiwang/Desktop/shoot/schoolbi_api/node_modules/egg-logrotator/app/schedule/rotate_by_file.js
2020-02-17 16:01:15,023 INFO 27432 [egg-schedule]: register schedule /Users/baiwang/Desktop/shoot/schoolbi_api/node_modules/egg-multipart/app/schedule/clean_tmpdir.js
2020-02-17 16:01:15,024 INFO 27432 [egg-schedule]: register schedule /Users/baiwang/Desktop/shoot/schoolbi_api/node_modules/egg-logrotator/app/schedule/clean_log.js
2020-02-17 16:01:15,024 INFO 27432 [egg-schedule]: register schedule /Users/baiwang/Desktop/shoot/schoolbi_api/node_modules/egg-logrotator/app/schedule/rotate_by_file.js
2020-02-17 16:06:53,633 INFO 28964 [egg-schedule]: register schedule /Users/baiwang/Desktop/shoot/schoolbi_api/node_modules/egg-multipart/app/schedule/clean_tmpdir.js
2020-02-17 16:06:53,633 INFO 28964 [egg-schedule]: register schedule /Users/baiwang/Desktop/shoot/schoolbi_api/node_modules/egg-logrotator/app/schedule/clean_log.js
2020-02-17 16:06:53,633 INFO 28964 [egg-schedule]: register schedule /Users/baiwang/Desktop/shoot/schoolbi_api/node_modules/egg-logrotator/app/schedule/rotate_by_file.js
2020-02-17 16:07:06,289 INFO 29040 [egg-schedule]: register schedule /Users/baiwang/Desktop/shoot/schoolbi_api/node_modules/egg-multipart/app/schedule/clean_tmpdir.js
2020-02-17 16:07:06,289 INFO 29040 [egg-schedule]: register schedule /Users/baiwang/Desktop/shoot/schoolbi_api/node_modules/egg-logrotator/app/schedule/clean_log.js
2020-02-17 16:07:06,289 INFO 29040 [egg-schedule]: register schedule /Users/baiwang/Desktop/shoot/schoolbi_api/node_modules/egg-logrotator/app/schedule/rotate_by_file.js
2020-02-17 16:07:46,709 INFO 29235 [egg-schedule]: register schedule /Users/baiwang/Desktop/shoot/schoolbi_api/node_modules/egg-multipart/app/schedule/clean_tmpdir.js
2020-02-17 16:07:46,709 INFO 29235 [egg-schedule]: register schedule /Users/baiwang/Desktop/shoot/schoolbi_api/node_modules/egg-logrotator/app/schedule/clean_log.js
2020-02-17 16:07:46,709 INFO 29235 [egg-schedule]: register schedule /Users/baiwang/Desktop/shoot/schoolbi_api/node_modules/egg-logrotator/app/schedule/rotate_by_file.js
2020-02-17 16:11:17,162 INFO 30199 [egg-schedule]: register schedule /Users/baiwang/Desktop/shoot/schoolbi_api/node_modules/egg-multipart/app/schedule/clean_tmpdir.js
2020-02-17 16:11:17,162 INFO 30199 [egg-schedule]: register schedule /Users/baiwang/Desktop/shoot/schoolbi_api/node_modules/egg-logrotator/app/schedule/clean_log.js
2020-02-17 16:11:17,162 INFO 30199 [egg-schedule]: register schedule /Users/baiwang/Desktop/shoot/schoolbi_api/node_modules/egg-logrotator/app/schedule/rotate_by_file.js
2020-02-17 16:12:03,886 INFO 30423 [egg-schedule]: register schedule /Users/baiwang/Desktop/shoot/schoolbi_api/node_modules/egg-multipart/app/schedule/clean_tmpdir.js
2020-02-17 16:12:03,886 INFO 30423 [egg-schedule]: register schedule /Users/baiwang/Desktop/shoot/schoolbi_api/node_modules/egg-logrotator/app/schedule/clean_log.js
2020-02-17 16:12:03,886 INFO 30423 [egg-schedule]: register schedule /Users/baiwang/Desktop/shoot/schoolbi_api/node_modules/egg-logrotator/app/schedule/rotate_by_file.js
2020-02-17 16:12:34,103 INFO 30575 [egg-schedule]: register schedule /Users/baiwang/Desktop/shoot/schoolbi_api/node_modules/egg-multipart/app/schedule/clean_tmpdir.js
2020-02-17 16:12:34,103 INFO 30575 [egg-schedule]: register schedule /Users/baiwang/Desktop/shoot/schoolbi_api/node_modules/egg-logrotator/app/schedule/clean_log.js
2020-02-17 16:12:34,103 INFO 30575 [egg-schedule]: register schedule /Users/baiwang/Desktop/shoot/schoolbi_api/node_modules/egg-logrotator/app/schedule/rotate_by_file.js
2020-02-17 16:12:43,141 INFO 30631 [egg-schedule]: register schedule /Users/baiwang/Desktop/shoot/schoolbi_api/node_modules/egg-multipart/app/schedule/clean_tmpdir.js
2020-02-17 16:12:43,141 INFO 30631 [egg-schedule]: register schedule /Users/baiwang/Desktop/shoot/schoolbi_api/node_modules/egg-logrotator/app/schedule/clean_log.js
2020-02-17 16:12:43,141 INFO 30631 [egg-schedule]: register schedule /Users/baiwang/Desktop/shoot/schoolbi_api/node_modules/egg-logrotator/app/schedule/rotate_by_file.js
2020-02-17 16:12:45,884 INFO 30651 [egg-schedule]: register schedule /Users/baiwang/Desktop/shoot/schoolbi_api/node_modules/egg-multipart/app/schedule/clean_tmpdir.js
2020-02-17 16:12:45,884 INFO 30651 [egg-schedule]: register schedule /Users/baiwang/Desktop/shoot/schoolbi_api/node_modules/egg-logrotator/app/schedule/clean_log.js
2020-02-17 16:12:45,884 INFO 30651 [egg-schedule]: register schedule /Users/baiwang/Desktop/shoot/schoolbi_api/node_modules/egg-logrotator/app/schedule/rotate_by_file.js
2020-02-17 16:19:46,943 INFO 32557 [egg-schedule]: register schedule /Users/baiwang/Desktop/shoot/schoolbi_api/node_modules/egg-multipart/app/schedule/clean_tmpdir.js
2020-02-17 16:19:46,943 INFO 32557 [egg-schedule]: register schedule /Users/baiwang/Desktop/shoot/schoolbi_api/node_modules/egg-logrotator/app/schedule/clean_log.js
2020-02-17 16:19:46,943 INFO 32557 [egg-schedule]: register schedule /Users/baiwang/Desktop/shoot/schoolbi_api/node_modules/egg-logrotator/app/schedule/rotate_by_file.js
2020-02-17 16:23:08,097 INFO 33488 [egg-schedule]: register schedule /Users/baiwang/Desktop/shoot/schoolbi_api/node_modules/egg-multipart/app/schedule/clean_tmpdir.js
2020-02-17 16:23:08,097 INFO 33488 [egg-schedule]: register schedule /Users/baiwang/Desktop/shoot/schoolbi_api/node_modules/egg-logrotator/app/schedule/clean_log.js
2020-02-17 16:23:08,097 INFO 33488 [egg-schedule]: register schedule /Users/baiwang/Desktop/shoot/schoolbi_api/node_modules/egg-logrotator/app/schedule/rotate_by_file.js
2020-02-17 16:24:15,185 INFO 33818 [egg-schedule]: register schedule /Users/baiwang/Desktop/shoot/schoolbi_api/node_modules/egg-multipart/app/schedule/clean_tmpdir.js
2020-02-17 16:24:15,185 INFO 33818 [egg-schedule]: register schedule /Users/baiwang/Desktop/shoot/schoolbi_api/node_modules/egg-logrotator/app/schedule/clean_log.js
2020-02-17 16:24:15,185 INFO 33818 [egg-schedule]: register schedule /Users/baiwang/Desktop/shoot/schoolbi_api/node_modules/egg-logrotator/app/schedule/rotate_by_file.js
2020-02-17 16:24:45,188 INFO 33970 [egg-schedule]: register schedule /Users/baiwang/Desktop/shoot/schoolbi_api/node_modules/egg-multipart/app/schedule/clean_tmpdir.js
2020-02-17 16:24:45,188 INFO 33970 [egg-schedule]: register schedule /Users/baiwang/Desktop/shoot/schoolbi_api/node_modules/egg-logrotator/app/schedule/clean_log.js
2020-02-17 16:24:45,188 INFO 33970 [egg-schedule]: register schedule /Users/baiwang/Desktop/shoot/schoolbi_api/node_modules/egg-logrotator/app/schedule/rotate_by_file.js
2020-02-17 16:27:29,312 INFO 34785 [egg-schedule]: register schedule /Users/baiwang/Desktop/shoot/schoolbi_api/node_modules/egg-multipart/app/schedule/clean_tmpdir.js
2020-02-17 16:27:29,312 INFO 34785 [egg-schedule]: register schedule /Users/baiwang/Desktop/shoot/schoolbi_api/node_modules/egg-logrotator/app/schedule/clean_log.js
2020-02-17 16:27:29,312 INFO 34785 [egg-schedule]: register schedule /Users/baiwang/Desktop/shoot/schoolbi_api/node_modules/egg-logrotator/app/schedule/rotate_by_file.js
2020-02-17 16:28:59,816 INFO 35224 [egg-schedule]: register schedule /Users/baiwang/Desktop/shoot/schoolbi_api/node_modules/egg-multipart/app/schedule/clean_tmpdir.js
2020-02-17 16:28:59,816 INFO 35224 [egg-schedule]: register schedule /Users/baiwang/Desktop/shoot/schoolbi_api/node_modules/egg-logrotator/app/schedule/clean_log.js
2020-02-17 16:28:59,816 INFO 35224 [egg-schedule]: register schedule /Users/baiwang/Desktop/shoot/schoolbi_api/node_modules/egg-logrotator/app/schedule/rotate_by_file.js
2020-02-17 16:29:04,685 INFO 35258 [egg-schedule]: register schedule /Users/baiwang/Desktop/shoot/schoolbi_api/node_modules/egg-multipart/app/schedule/clean_tmpdir.js
2020-02-17 16:29:04,685 INFO 35258 [egg-schedule]: register schedule /Users/baiwang/Desktop/shoot/schoolbi_api/node_modules/egg-logrotator/app/schedule/clean_log.js
2020-02-17 16:29:04,685 INFO 35258 [egg-schedule]: register schedule /Users/baiwang/Desktop/shoot/schoolbi_api/node_modules/egg-logrotator/app/schedule/rotate_by_file.js
2020-02-17 16:29:09,351 INFO 35285 [egg-schedule]: register schedule /Users/baiwang/Desktop/shoot/schoolbi_api/node_modules/egg-multipart/app/schedule/clean_tmpdir.js
2020-02-17 16:29:09,351 INFO 35285 [egg-schedule]: register schedule /Users/baiwang/Desktop/shoot/schoolbi_api/node_modules/egg-logrotator/app/schedule/clean_log.js
2020-02-17 16:29:09,351 INFO 35285 [egg-schedule]: register schedule /Users/baiwang/Desktop/shoot/schoolbi_api/node_modules/egg-logrotator/app/schedule/rotate_by_file.js
2020-02-17 16:29:30,064 INFO 35391 [egg-schedule]: register schedule /Users/baiwang/Desktop/shoot/schoolbi_api/node_modules/egg-multipart/app/schedule/clean_tmpdir.js
2020-02-17 16:29:30,064 INFO 35391 [egg-schedule]: register schedule /Users/baiwang/Desktop/shoot/schoolbi_api/node_modules/egg-logrotator/app/schedule/clean_log.js
2020-02-17 16:29:30,064 INFO 35391 [egg-schedule]: register schedule /Users/baiwang/Desktop/shoot/schoolbi_api/node_modules/egg-logrotator/app/schedule/rotate_by_file.js
2020-02-17 16:30:24,221 INFO 35651 [egg-schedule]: register schedule /Users/baiwang/Desktop/shoot/schoolbi_api/node_modules/egg-multipart/app/schedule/clean_tmpdir.js
2020-02-17 16:30:24,221 INFO 35651 [egg-schedule]: register schedule /Users/baiwang/Desktop/shoot/schoolbi_api/node_modules/egg-logrotator/app/schedule/clean_log.js
2020-02-17 16:30:24,221 INFO 35651 [egg-schedule]: register schedule /Users/baiwang/Desktop/shoot/schoolbi_api/node_modules/egg-logrotator/app/schedule/rotate_by_file.js
2020-02-17 16:31:07,214 INFO 35859 [egg-schedule]: register schedule /Users/baiwang/Desktop/shoot/schoolbi_api/node_modules/egg-multipart/app/schedule/clean_tmpdir.js
2020-02-17 16:31:07,214 INFO 35859 [egg-schedule]: register schedule /Users/baiwang/Desktop/shoot/schoolbi_api/node_modules/egg-logrotator/app/schedule/clean_log.js
2020-02-17 16:31:07,214 INFO 35859 [egg-schedule]: register schedule /Users/baiwang/Desktop/shoot/schoolbi_api/node_modules/egg-logrotator/app/schedule/rotate_by_file.js
2020-02-17 16:31:35,886 INFO 36009 [egg-schedule]: register schedule /Users/baiwang/Desktop/shoot/schoolbi_api/node_modules/egg-multipart/app/schedule/clean_tmpdir.js
2020-02-17 16:31:35,886 INFO 36009 [egg-schedule]: register schedule /Users/baiwang/Desktop/shoot/schoolbi_api/node_modules/egg-logrotator/app/schedule/clean_log.js
2020-02-17 16:31:35,886 INFO 36009 [egg-schedule]: register schedule /Users/baiwang/Desktop/shoot/schoolbi_api/node_modules/egg-logrotator/app/schedule/rotate_by_file.js
2020-02-17 16:32:36,663 INFO 36311 [egg-schedule]: register schedule /Users/baiwang/Desktop/shoot/schoolbi_api/node_modules/egg-multipart/app/schedule/clean_tmpdir.js
2020-02-17 16:32:36,663 INFO 36311 [egg-schedule]: register schedule /Users/baiwang/Desktop/shoot/schoolbi_api/node_modules/egg-logrotator/app/schedule/clean_log.js
2020-02-17 16:32:36,663 INFO 36311 [egg-schedule]: register schedule /Users/baiwang/Desktop/shoot/schoolbi_api/node_modules/egg-logrotator/app/schedule/rotate_by_file.js
2020-02-17 16:33:32,983 INFO 36591 [egg-schedule]: register schedule /Users/baiwang/Desktop/shoot/schoolbi_api/node_modules/egg-multipart/app/schedule/clean_tmpdir.js
2020-02-17 16:33:32,983 INFO 36591 [egg-schedule]: register schedule /Users/baiwang/Desktop/shoot/schoolbi_api/node_modules/egg-logrotator/app/schedule/clean_log.js
2020-02-17 16:33:32,983 INFO 36591 [egg-schedule]: register schedule /Users/baiwang/Desktop/shoot/schoolbi_api/node_modules/egg-logrotator/app/schedule/rotate_by_file.js
2020-02-17 16:33:37,401 INFO 36618 [egg-schedule]: register schedule /Users/baiwang/Desktop/shoot/schoolbi_api/node_modules/egg-multipart/app/schedule/clean_tmpdir.js
2020-02-17 16:33:37,401 INFO 36618 [egg-schedule]: register schedule /Users/baiwang/Desktop/shoot/schoolbi_api/node_modules/egg-logrotator/app/schedule/clean_log.js
2020-02-17 16:33:37,401 INFO 36618 [egg-schedule]: register schedule /Users/baiwang/Desktop/shoot/schoolbi_api/node_modules/egg-logrotator/app/schedule/rotate_by_file.js
2020-02-17 16:34:09,584 INFO 36773 [egg-schedule]: register schedule /Users/baiwang/Desktop/shoot/schoolbi_api/node_modules/egg-multipart/app/schedule/clean_tmpdir.js
2020-02-17 16:34:09,584 INFO 36773 [egg-schedule]: register schedule /Users/baiwang/Desktop/shoot/schoolbi_api/node_modules/egg-logrotator/app/schedule/clean_log.js
2020-02-17 16:34:09,584 INFO 36773 [egg-schedule]: register schedule /Users/baiwang/Desktop/shoot/schoolbi_api/node_modules/egg-logrotator/app/schedule/rotate_by_file.js
2020-02-17 16:34:19,347 INFO 36828 [egg-schedule]: register schedule /Users/baiwang/Desktop/shoot/schoolbi_api/node_modules/egg-multipart/app/schedule/clean_tmpdir.js
2020-02-17 16:34:19,347 INFO 36828 [egg-schedule]: register schedule /Users/baiwang/Desktop/shoot/schoolbi_api/node_modules/egg-logrotator/app/schedule/clean_log.js
2020-02-17 16:34:19,347 INFO 36828 [egg-schedule]: register schedule /Users/baiwang/Desktop/shoot/schoolbi_api/node_modules/egg-logrotator/app/schedule/rotate_by_file.js
2020-02-17 16:35:33,366 INFO 37208 [egg-schedule]: register schedule /Users/baiwang/Desktop/shoot/schoolbi_api/node_modules/egg-multipart/app/schedule/clean_tmpdir.js
2020-02-17 16:35:33,366 INFO 37208 [egg-schedule]: register schedule /Users/baiwang/Desktop/shoot/schoolbi_api/node_modules/egg-logrotator/app/schedule/clean_log.js
2020-02-17 16:35:33,366 INFO 37208 [egg-schedule]: register schedule /Users/baiwang/Desktop/shoot/schoolbi_api/node_modules/egg-logrotator/app/schedule/rotate_by_file.js
2020-02-17 16:36:00,363 INFO 37342 [egg-schedule]: register schedule /Users/baiwang/Desktop/shoot/schoolbi_api/node_modules/egg-multipart/app/schedule/clean_tmpdir.js
2020-02-17 16:36:00,363 INFO 37342 [egg-schedule]: register schedule /Users/baiwang/Desktop/shoot/schoolbi_api/node_modules/egg-logrotator/app/schedule/clean_log.js
2020-02-17 16:36:00,364 INFO 37342 [egg-schedule]: register schedule /Users/baiwang/Desktop/shoot/schoolbi_api/node_modules/egg-logrotator/app/schedule/rotate_by_file.js
2020-02-17 16:37:19,072 INFO 37716 [egg-schedule]: register schedule /Users/baiwang/Desktop/shoot/schoolbi_api/node_modules/egg-multipart/app/schedule/clean_tmpdir.js
2020-02-17 16:37:19,072 INFO 37716 [egg-schedule]: register schedule /Users/baiwang/Desktop/shoot/schoolbi_api/node_modules/egg-logrotator/app/schedule/clean_log.js
2020-02-17 16:37:19,072 INFO 37716 [egg-schedule]: register schedule /Users/baiwang/Desktop/shoot/schoolbi_api/node_modules/egg-logrotator/app/schedule/rotate_by_file.js
2020-02-17 16:37:21,952 INFO 37734 [egg-schedule]: register schedule /Users/baiwang/Desktop/shoot/schoolbi_api/node_modules/egg-multipart/app/schedule/clean_tmpdir.js
2020-02-17 16:37:21,952 INFO 37734 [egg-schedule]: register schedule /Users/baiwang/Desktop/shoot/schoolbi_api/node_modules/egg-logrotator/app/schedule/clean_log.js
2020-02-17 16:37:21,952 INFO 37734 [egg-schedule]: register schedule /Users/baiwang/Desktop/shoot/schoolbi_api/node_modules/egg-logrotator/app/schedule/rotate_by_file.js
2020-02-17 16:37:56,307 INFO 37894 [egg-schedule]: register schedule /Users/baiwang/Desktop/shoot/schoolbi_api/node_modules/egg-multipart/app/schedule/clean_tmpdir.js
2020-02-17 16:37:56,307 INFO 37894 [egg-schedule]: register schedule /Users/baiwang/Desktop/shoot/schoolbi_api/node_modules/egg-logrotator/app/schedule/clean_log.js
2020-02-17 16:37:56,307 INFO 37894 [egg-schedule]: register schedule /Users/baiwang/Desktop/shoot/schoolbi_api/node_modules/egg-logrotator/app/schedule/rotate_by_file.js
2020-02-17 16:37:59,748 INFO 37919 [egg-schedule]: register schedule /Users/baiwang/Desktop/shoot/schoolbi_api/node_modules/egg-multipart/app/schedule/clean_tmpdir.js
2020-02-17 16:37:59,748 INFO 37919 [egg-schedule]: register schedule /Users/baiwang/Desktop/shoot/schoolbi_api/node_modules/egg-logrotator/app/schedule/clean_log.js
2020-02-17 16:37:59,748 INFO 37919 [egg-schedule]: register schedule /Users/baiwang/Desktop/shoot/schoolbi_api/node_modules/egg-logrotator/app/schedule/rotate_by_file.js
2020-02-17 16:39:04,068 INFO 38230 [egg-schedule]: register schedule /Users/baiwang/Desktop/shoot/schoolbi_api/node_modules/egg-multipart/app/schedule/clean_tmpdir.js
2020-02-17 16:39:04,068 INFO 38230 [egg-schedule]: register schedule /Users/baiwang/Desktop/shoot/schoolbi_api/node_modules/egg-logrotator/app/schedule/clean_log.js
2020-02-17 16:39:04,068 INFO 38230 [egg-schedule]: register schedule /Users/baiwang/Desktop/shoot/schoolbi_api/node_modules/egg-logrotator/app/schedule/rotate_by_file.js
2020-02-17 16:39:15,734 INFO 38302 [egg-schedule]: register schedule /Users/baiwang/Desktop/shoot/schoolbi_api/node_modules/egg-multipart/app/schedule/clean_tmpdir.js
2020-02-17 16:39:15,734 INFO 38302 [egg-schedule]: register schedule /Users/baiwang/Desktop/shoot/schoolbi_api/node_modules/egg-logrotator/app/schedule/clean_log.js
2020-02-17 16:39:15,734 INFO 38302 [egg-schedule]: register schedule /Users/baiwang/Desktop/shoot/schoolbi_api/node_modules/egg-logrotator/app/schedule/rotate_by_file.js
2020-02-17 16:39:45,866 INFO 38448 [egg-schedule]: register schedule /Users/baiwang/Desktop/shoot/schoolbi_api/node_modules/egg-multipart/app/schedule/clean_tmpdir.js
2020-02-17 16:39:45,866 INFO 38448 [egg-schedule]: register schedule /Users/baiwang/Desktop/shoot/schoolbi_api/node_modules/egg-logrotator/app/schedule/clean_log.js
2020-02-17 16:39:45,866 INFO 38448 [egg-schedule]: register schedule /Users/baiwang/Desktop/shoot/schoolbi_api/node_modules/egg-logrotator/app/schedule/rotate_by_file.js
2020-02-17 16:40:06,345 INFO 38561 [egg-schedule]: register schedule /Users/baiwang/Desktop/shoot/schoolbi_api/node_modules/egg-multipart/app/schedule/clean_tmpdir.js
2020-02-17 16:40:06,345 INFO 38561 [egg-schedule]: register schedule /Users/baiwang/Desktop/shoot/schoolbi_api/node_modules/egg-logrotator/app/schedule/clean_log.js
2020-02-17 16:40:06,345 INFO 38561 [egg-schedule]: register schedule /Users/baiwang/Desktop/shoot/schoolbi_api/node_modules/egg-logrotator/app/schedule/rotate_by_file.js
2020-02-17 16:40:19,138 INFO 38625 [egg-schedule]: register schedule /Users/baiwang/Desktop/shoot/schoolbi_api/node_modules/egg-multipart/app/schedule/clean_tmpdir.js
2020-02-17 16:40:19,138 INFO 38625 [egg-schedule]: register schedule /Users/baiwang/Desktop/shoot/schoolbi_api/node_modules/egg-logrotator/app/schedule/clean_log.js
2020-02-17 16:40:19,138 INFO 38625 [egg-schedule]: register schedule /Users/baiwang/Desktop/shoot/schoolbi_api/node_modules/egg-logrotator/app/schedule/rotate_by_file.js
2020-02-17 16:41:10,210 INFO 38868 [egg-schedule]: register schedule /Users/baiwang/Desktop/shoot/schoolbi_api/node_modules/egg-multipart/app/schedule/clean_tmpdir.js
2020-02-17 16:41:10,210 INFO 38868 [egg-schedule]: register schedule /Users/baiwang/Desktop/shoot/schoolbi_api/node_modules/egg-logrotator/app/schedule/clean_log.js
2020-02-17 16:41:10,210 INFO 38868 [egg-schedule]: register schedule /Users/baiwang/Desktop/shoot/schoolbi_api/node_modules/egg-logrotator/app/schedule/rotate_by_file.js
2020-02-17 16:47:44,728 INFO 40785 [Timer] /Users/baiwang/Desktop/shoot/schoolbi_api/node_modules/egg-multipart/app/schedule/clean_tmpdir.js next time will execute after 42135275ms at 2020-02-18 04:30:00.003
2020-02-17 16:47:44,729 INFO 40785 [Timer] /Users/baiwang/Desktop/shoot/schoolbi_api/node_modules/egg-logrotator/app/schedule/clean_log.js next time will execute after 25935271ms at 2020-02-18 00:00:00.000
2020-02-17 16:47:44,729 INFO 40785 [Timer] /Users/baiwang/Desktop/shoot/schoolbi_api/node_modules/egg-logrotator/app/schedule/rotate_by_file.js next time will execute after 25936271ms at 2020-02-18 00:00:01.000
2020-02-17 16:47:44,337 INFO 40804 [egg-schedule]: register schedule /Users/baiwang/Desktop/shoot/schoolbi_api/node_modules/egg-multipart/app/schedule/clean_tmpdir.js
2020-02-17 16:47:44,337 INFO 40804 [egg-schedule]: register schedule /Users/baiwang/Desktop/shoot/schoolbi_api/node_modules/egg-logrotator/app/schedule/clean_log.js
2020-02-17 16:47:44,337 INFO 40804 [egg-schedule]: register schedule /Users/baiwang/Desktop/shoot/schoolbi_api/node_modules/egg-logrotator/app/schedule/rotate_by_file.js
2020-02-17 17:02:01,374 INFO 44716 [egg-schedule]: register schedule /Users/baiwang/Desktop/shoot/schoolbi_api/node_modules/egg-multipart/app/schedule/clean_tmpdir.js
2020-02-17 17:02:01,374 INFO 44716 [egg-schedule]: register schedule /Users/baiwang/Desktop/shoot/schoolbi_api/node_modules/egg-logrotator/app/schedule/clean_log.js
2020-02-17 17:02:01,374 INFO 44716 [egg-schedule]: register schedule /Users/baiwang/Desktop/shoot/schoolbi_api/node_modules/egg-logrotator/app/schedule/rotate_by_file.js
2020-02-17 17:03:15,095 INFO 45056 [egg-schedule]: register schedule /Users/baiwang/Desktop/shoot/schoolbi_api/node_modules/egg-multipart/app/schedule/clean_tmpdir.js
2020-02-17 17:03:15,095 INFO 45056 [egg-schedule]: register schedule /Users/baiwang/Desktop/shoot/schoolbi_api/node_modules/egg-logrotator/app/schedule/clean_log.js
2020-02-17 17:03:15,095 INFO 45056 [egg-schedule]: register schedule /Users/baiwang/Desktop/shoot/schoolbi_api/node_modules/egg-logrotator/app/schedule/rotate_by_file.js
2020-02-17 17:05:40,489 INFO 45847 [Timer] /Users/baiwang/Desktop/shoot/schoolbi_api/node_modules/egg-multipart/app/schedule/clean_tmpdir.js next time will execute after 41059514ms at 2020-02-18 04:30:00.003
2020-02-17 17:05:40,489 INFO 45847 [Timer] /Users/baiwang/Desktop/shoot/schoolbi_api/node_modules/egg-logrotator/app/schedule/clean_log.js next time will execute after 24859511ms at 2020-02-18 00:00:00.000
2020-02-17 17:05:40,489 INFO 45847 [Timer] /Users/baiwang/Desktop/shoot/schoolbi_api/node_modules/egg-logrotator/app/schedule/rotate_by_file.js next time will execute after 24860511ms at 2020-02-18 00:00:01.000
2020-02-17 17:05:40,091 INFO 45866 [egg-schedule]: register schedule /Users/baiwang/Desktop/shoot/schoolbi_api/node_modules/egg-multipart/app/schedule/clean_tmpdir.js
2020-02-17 17:05:40,091 INFO 45866 [egg-schedule]: register schedule /Users/baiwang/Desktop/shoot/schoolbi_api/node_modules/egg-logrotator/app/schedule/clean_log.js
2020-02-17 17:05:40,091 INFO 45866 [egg-schedule]: register schedule /Users/baiwang/Desktop/shoot/schoolbi_api/node_modules/egg-logrotator/app/schedule/rotate_by_file.js
2020-02-17 17:07:38,565 INFO 46406 [egg-schedule]: register schedule /Users/baiwang/Desktop/shoot/schoolbi_api/node_modules/egg-multipart/app/schedule/clean_tmpdir.js
2020-02-17 17:07:38,565 INFO 46406 [egg-schedule]: register schedule /Users/baiwang/Desktop/shoot/schoolbi_api/node_modules/egg-logrotator/app/schedule/clean_log.js
2020-02-17 17:07:38,565 INFO 46406 [egg-schedule]: register schedule /Users/baiwang/Desktop/shoot/schoolbi_api/node_modules/egg-logrotator/app/schedule/rotate_by_file.js
2020-02-17 17:07:40,061 INFO 46429 [egg-schedule]: register schedule /Users/baiwang/Desktop/shoot/schoolbi_api/node_modules/egg-multipart/app/schedule/clean_tmpdir.js
2020-02-17 17:07:40,061 INFO 46429 [egg-schedule]: register schedule /Users/baiwang/Desktop/shoot/schoolbi_api/node_modules/egg-logrotator/app/schedule/clean_log.js
2020-02-17 17:07:40,061 INFO 46429 [egg-schedule]: register schedule /Users/baiwang/Desktop/shoot/schoolbi_api/node_modules/egg-logrotator/app/schedule/rotate_by_file.js
2020-02-17 17:07:46,325 INFO 46462 [egg-schedule]: register schedule /Users/baiwang/Desktop/shoot/schoolbi_api/node_modules/egg-multipart/app/schedule/clean_tmpdir.js
2020-02-17 17:07:46,325 INFO 46462 [egg-schedule]: register schedule /Users/baiwang/Desktop/shoot/schoolbi_api/node_modules/egg-logrotator/app/schedule/clean_log.js
2020-02-17 17:07:46,325 INFO 46462 [egg-schedule]: register schedule /Users/baiwang/Desktop/shoot/schoolbi_api/node_modules/egg-logrotator/app/schedule/rotate_by_file.js
2020-02-17 17:07:50,038 INFO 46489 [egg-schedule]: register schedule /Users/baiwang/Desktop/shoot/schoolbi_api/node_modules/egg-multipart/app/schedule/clean_tmpdir.js
2020-02-17 17:07:50,038 INFO 46489 [egg-schedule]: register schedule /Users/baiwang/Desktop/shoot/schoolbi_api/node_modules/egg-logrotator/app/schedule/clean_log.js
2020-02-17 17:07:50,038 INFO 46489 [egg-schedule]: register schedule /Users/baiwang/Desktop/shoot/schoolbi_api/node_modules/egg-logrotator/app/schedule/rotate_by_file.js
2020-02-17 17:19:49,835 INFO 49565 [egg-schedule]: register schedule /Users/baiwang/Desktop/shoot/schoolbi_api/node_modules/egg-multipart/app/schedule/clean_tmpdir.js
2020-02-17 17:19:49,835 INFO 49565 [egg-schedule]: register schedule /Users/baiwang/Desktop/shoot/schoolbi_api/node_modules/egg-logrotator/app/schedule/clean_log.js
2020-02-17 17:19:49,835 INFO 49565 [egg-schedule]: register schedule /Users/baiwang/Desktop/shoot/schoolbi_api/node_modules/egg-logrotator/app/schedule/rotate_by_file.js
2020-02-17 17:20:38,607 INFO 49809 [egg-schedule]: register schedule /Users/baiwang/Desktop/shoot/schoolbi_api/node_modules/egg-multipart/app/schedule/clean_tmpdir.js
2020-02-17 17:20:38,607 INFO 49809 [egg-schedule]: register schedule /Users/baiwang/Desktop/shoot/schoolbi_api/node_modules/egg-logrotator/app/schedule/clean_log.js
2020-02-17 17:20:38,607 INFO 49809 [egg-schedule]: register schedule /Users/baiwang/Desktop/shoot/schoolbi_api/node_modules/egg-logrotator/app/schedule/rotate_by_file.js
2020-02-17 17:20:42,316 INFO 49849 [egg-schedule]: register schedule /Users/baiwang/Desktop/shoot/schoolbi_api/node_modules/egg-multipart/app/schedule/clean_tmpdir.js
2020-02-17 17:20:42,316 INFO 49849 [egg-schedule]: register schedule /Users/baiwang/Desktop/shoot/schoolbi_api/node_modules/egg-logrotator/app/schedule/clean_log.js
2020-02-17 17:20:42,316 INFO 49849 [egg-schedule]: register schedule /Users/baiwang/Desktop/shoot/schoolbi_api/node_modules/egg-logrotator/app/schedule/rotate_by_file.js
2020-02-17 17:25:46,050 INFO 51672 [Timer] /Users/baiwang/Desktop/shoot/schoolbi_api/node_modules/egg-multipart/app/schedule/clean_tmpdir.js next time will execute after 39853953ms at 2020-02-18 04:30:00.003
2020-02-17 17:25:46,051 INFO 51672 [Timer] /Users/baiwang/Desktop/shoot/schoolbi_api/node_modules/egg-logrotator/app/schedule/clean_log.js next time will execute after 23653950ms at 2020-02-18 00:00:00.001
2020-02-17 17:25:46,051 INFO 51672 [Timer] /Users/baiwang/Desktop/shoot/schoolbi_api/node_modules/egg-logrotator/app/schedule/rotate_by_file.js next time will execute after 23654949ms at 2020-02-18 00:00:01.000
2020-02-17 17:25:45,654 INFO 51690 [egg-schedule]: register schedule /Users/baiwang/Desktop/shoot/schoolbi_api/node_modules/egg-multipart/app/schedule/clean_tmpdir.js
2020-02-17 17:25:45,654 INFO 51690 [egg-schedule]: register schedule /Users/baiwang/Desktop/shoot/schoolbi_api/node_modules/egg-logrotator/app/schedule/clean_log.js
2020-02-17 17:25:45,654 INFO 51690 [egg-schedule]: register schedule /Users/baiwang/Desktop/shoot/schoolbi_api/node_modules/egg-logrotator/app/schedule/rotate_by_file.js
2020-02-17 17:26:35,035 INFO 51924 [egg-schedule]: register schedule /Users/baiwang/Desktop/shoot/schoolbi_api/node_modules/egg-multipart/app/schedule/clean_tmpdir.js
2020-02-17 17:26:35,035 INFO 51924 [egg-schedule]: register schedule /Users/baiwang/Desktop/shoot/schoolbi_api/node_modules/egg-logrotator/app/schedule/clean_log.js
2020-02-17 17:26:35,035 INFO 51924 [egg-schedule]: register schedule /Users/baiwang/Desktop/shoot/schoolbi_api/node_modules/egg-logrotator/app/schedule/rotate_by_file.js
2020-02-17 17:28:20,675 INFO 52452 [egg-schedule]: register schedule /Users/baiwang/Desktop/shoot/schoolbi_api/node_modules/egg-multipart/app/schedule/clean_tmpdir.js
2020-02-17 17:28:20,675 INFO 52452 [egg-schedule]: register schedule /Users/baiwang/Desktop/shoot/schoolbi_api/node_modules/egg-logrotator/app/schedule/clean_log.js
2020-02-17 17:28:20,675 INFO 52452 [egg-schedule]: register schedule /Users/baiwang/Desktop/shoot/schoolbi_api/node_modules/egg-logrotator/app/schedule/rotate_by_file.js
2020-02-17 17:52:29,161 INFO 59065 [egg-schedule]: register schedule /Users/baiwang/Desktop/shoot/schoolbi_api/node_modules/egg-multipart/app/schedule/clean_tmpdir.js
2020-02-17 17:52:29,161 INFO 59065 [egg-schedule]: register schedule /Users/baiwang/Desktop/shoot/schoolbi_api/node_modules/egg-logrotator/app/schedule/clean_log.js
2020-02-17 17:52:29,161 INFO 59065 [egg-schedule]: register schedule /Users/baiwang/Desktop/shoot/schoolbi_api/node_modules/egg-logrotator/app/schedule/rotate_by_file.js
2020-02-17 17:57:54,179 INFO 60578 [egg-schedule]: register schedule /Users/baiwang/Desktop/shoot/schoolbi_api/node_modules/egg-multipart/app/schedule/clean_tmpdir.js
2020-02-17 17:57:54,179 INFO 60578 [egg-schedule]: register schedule /Users/baiwang/Desktop/shoot/schoolbi_api/node_modules/egg-logrotator/app/schedule/clean_log.js
2020-02-17 17:57:54,179 INFO 60578 [egg-schedule]: register schedule /Users/baiwang/Desktop/shoot/schoolbi_api/node_modules/egg-logrotator/app/schedule/rotate_by_file.js
2020-02-18 09:14:05,117 INFO 66146 [Timer] /Users/baiwang/Desktop/shoot/schoolbi_api/node_modules/egg-multipart/app/schedule/clean_tmpdir.js next time will execute after 69354885ms at 2020-02-19 04:30:00.002
2020-02-18 09:14:05,118 INFO 66146 [Timer] /Users/baiwang/Desktop/shoot/schoolbi_api/node_modules/egg-logrotator/app/schedule/clean_log.js next time will execute after 53154883ms at 2020-02-19 00:00:00.001
2020-02-18 09:14:05,118 INFO 66146 [Timer] /Users/baiwang/Desktop/shoot/schoolbi_api/node_modules/egg-logrotator/app/schedule/rotate_by_file.js next time will execute after 53155882ms at 2020-02-19 00:00:01.000
2020-02-18 09:14:04,748 INFO 66156 [egg-schedule]: register schedule /Users/baiwang/Desktop/shoot/schoolbi_api/node_modules/egg-multipart/app/schedule/clean_tmpdir.js
2020-02-18 09:14:04,748 INFO 66156 [egg-schedule]: register schedule /Users/baiwang/Desktop/shoot/schoolbi_api/node_modules/egg-logrotator/app/schedule/clean_log.js
2020-02-18 09:14:04,748 INFO 66156 [egg-schedule]: register schedule /Users/baiwang/Desktop/shoot/schoolbi_api/node_modules/egg-logrotator/app/schedule/rotate_by_file.js
